<?xml version="1.0" encoding="UTF-8"?>
<!-- Generated by org.testng.reporters.JUnitReportReporter -->
<testsuite hostname="LAPTOP-7ILMOFNA" failures="0" tests="3" name="testClass.TC_2" time="9.498" errors="0" timestamp="17 Mar 2022 14:37:42 GMT" skipped="0">
  <testcase classname="testClass.TC_2" name="VerificationOfCartCount" time="2.497"/>
  <testcase classname="testClass.TC_2" name="verifyAddedCardItem" time="4.708"/>
  <testcase classname="testClass.TC_2" name="verifyAfterDeleteCartShowZero" time="2.293"/>
</testsuite> <!-- testClass.TC_2 -->
