<?xml version="1.0" encoding="UTF-8"?>
<!-- Generated by org.testng.reporters.JUnitReportReporter -->
<testsuite hostname="LAPTOP-7ILMOFNA" failures="0" tests="3" name="testClass.TC_2" time="7.944" errors="0" timestamp="18 Mar 2022 05:39:03 GMT" skipped="0">
  <testcase classname="testClass.TC_2" name="VerificationOfCartCount" time="2.382"/>
  <testcase classname="testClass.TC_2" name="verifyAddedCardItem" time="3.380"/>
  <testcase classname="testClass.TC_2" name="verifyAfterDeleteCartShowZero" time="2.182"/>
</testsuite> <!-- testClass.TC_2 -->
